{"name":"setUpClass","status":"broken","statusDetails":{"known":false,"muted":false,"flaky":false,"message":"Failed to parse resource at: file:///D:/WorkSpaceAgama/HybridSeleniumCucumber/src/test/resources/Features/testcase.feature","trace":"io.cucumber.core.gherkin.FeatureParserException: Failed to parse resource at: file:///D:/WorkSpaceAgama/HybridSeleniumCucumber/src/test/resources/Features/testcase.feature\r\n\tat io.cucumber.core.gherkin.vintage.GherkinVintageFeatureParser.parseGherkin5(GherkinVintageFeatureParser.java:40)\r\n\tat io.cucumber.core.gherkin.vintage.GherkinVintageFeatureParser.parse(GherkinVintageFeatureParser.java:58)\r\n\tat io.cucumber.core.feature.FeatureParser.parseResource(FeatureParser.java:44)\r\n\tat java.base/java.util.function.BiFunction.lambda$andThen$0(BiFunction.java:70)\r\n\tat io.cucumber.core.resource.ResourceScanner.lambda$processResource$2(ResourceScanner.java:126)\r\n\tat io.cucumber.core.resource.PathScanner$ResourceFileVisitor.visitFile(PathScanner.java:67)\r\n\tat io.cucumber.core.resource.PathScanner$ResourceFileVisitor.visitFile(PathScanner.java:52)\r\n\tat java.base/java.nio.file.Files.walkFileTree(Files.java:2803)\r\n\tat java.base/java.nio.file.Files.walkFileTree(Files.java:2875)\r\n\tat io.cucumber.core.resource.PathScanner.findResourcesForPath(PathScanner.java:46)\r\n\tat io.cucumber.core.resource.PathScanner.findResourcesForUri(PathScanner.java:26)\r\n\tat io.cucumber.core.resource.ResourceScanner.findResourcesForUri(ResourceScanner.java:109)\r\n\tat io.cucumber.core.resource.ResourceScanner.scanForResourcesUri(ResourceScanner.java:86)\r\n\tat io.cucumber.core.runtime.FeaturePathFeatureSupplier.loadFeatures(FeaturePathFeatureSupplier.java:61)\r\n\tat io.cucumber.core.runtime.FeaturePathFeatureSupplier.get(FeaturePathFeatureSupplier.java:45)\r\n\tat io.cucumber.testng.TestNGCucumberRunner.<init>(TestNGCucumberRunner.java:114)\r\n\tat io.cucumber.testng.AbstractTestNGCucumberTests.setUpClass(AbstractTestNGCucumberTests.java:22)\r\n\tat java.base/jdk.internal.reflect.NativeMethodAccessorImpl.invoke0(Native Method)\r\n\tat java.base/jdk.internal.reflect.NativeMethodAccessorImpl.invoke(NativeMethodAccessorImpl.java:62)\r\n\tat java.base/jdk.internal.reflect.DelegatingMethodAccessorImpl.invoke(DelegatingMethodAccessorImpl.java:43)\r\n\tat java.base/java.lang.reflect.Method.invoke(Method.java:567)\r\n\tat org.testng.internal.MethodInvocationHelper.invokeMethod(MethodInvocationHelper.java:135)\r\n\tat org.testng.internal.MethodInvocationHelper.invokeMethodConsideringTimeout(MethodInvocationHelper.java:64)\r\n\tat org.testng.internal.ConfigInvoker.invokeConfigurationMethod(ConfigInvoker.java:364)\r\n\tat org.testng.internal.ConfigInvoker.invokeConfigurations(ConfigInvoker.java:318)\r\n\tat org.testng.internal.TestMethodWorker.invokeBeforeClassMethods(TestMethodWorker.java:176)\r\n\tat org.testng.internal.TestMethodWorker.run(TestMethodWorker.java:122)\r\n\tat java.base/java.util.ArrayList.forEach(ArrayList.java:1507)\r\n\tat org.testng.TestRunner.privateRun(TestRunner.java:767)\r\n\tat org.testng.TestRunner.run(TestRunner.java:588)\r\n\tat org.testng.SuiteRunner.runTest(SuiteRunner.java:384)\r\n\tat org.testng.SuiteRunner.runSequentially(SuiteRunner.java:378)\r\n\tat org.testng.SuiteRunner.privateRun(SuiteRunner.java:337)\r\n\tat org.testng.SuiteRunner.run(SuiteRunner.java:286)\r\n\tat org.testng.SuiteRunnerWorker.runSuite(SuiteRunnerWorker.java:53)\r\n\tat org.testng.SuiteRunnerWorker.run(SuiteRunnerWorker.java:96)\r\n\tat org.testng.TestNG.runSuitesSequentially(TestNG.java:1214)\r\n\tat org.testng.TestNG.runSuitesLocally(TestNG.java:1136)\r\n\tat org.testng.TestNG.runSuites(TestNG.java:1066)\r\n\tat org.testng.TestNG.run(TestNG.java:1034)\r\n\tat org.testng.remote.AbstractRemoteTestNG.run(AbstractRemoteTestNG.java:115)\r\n\tat org.testng.remote.RemoteTestNG.initAndRun(RemoteTestNG.java:251)\r\n\tat org.testng.remote.RemoteTestNG.main(RemoteTestNG.java:77)\r\nCaused by: io.cucumber.core.gherkin.vintage.internal.gherkin.ParserException$CompositeParserException: Parser errors:\n(18:2): inconsistent cell count within the table\r\n\tat io.cucumber.core.gherkin.vintage.internal.gherkin.Parser.parse(Parser.java:143)\r\n\tat io.cucumber.core.gherkin.vintage.internal.gherkin.Parser.parse(Parser.java:118)\r\n\tat io.cucumber.core.gherkin.vintage.internal.gherkin.Parser.parse(Parser.java:114)\r\n\tat io.cucumber.core.gherkin.vintage.GherkinVintageFeatureParser.parseGherkin5(GherkinVintageFeatureParser.java:29)\r\n\t... 42 more\r\n"},"stage":"finished","steps":[],"attachments":[],"parameters":[],"start":1598904636438,"stop":1598904636460,"uuid":"46aca059-7210-4a7b-8605-6fa591b79366","historyId":"a03549c953bcd0cf3a925f39f9a08323","fullName":"io.cucumber.testng.AbstractTestNGCucumberTests.setUpClass","labels":[{"name":"package","value":"com.testRunner.TestRunner"},{"name":"testClass","value":"com.testRunner.TestRunner"},{"name":"testMethod","value":"setUpClass"},{"name":"parentSuite","value":"Default suite"},{"name":"suite","value":"Default test"},{"name":"subSuite","value":"com.testRunner.TestRunner"},{"name":"host","value":"rohith"},{"name":"thread","value":"7528@rohith.main(1)"},{"name":"framework","value":"testng"},{"name":"language","value":"java"}],"links":[]}